Release 14.4 - xst P.49d (nt64)
Copyright (c) 1995-2012 Xilinx, Inc.  All rights reserved.
--> Parameter TMPDIR set to xst/projnav.tmp


Total REAL time to Xst completion: 0.00 secs
Total CPU time to Xst completion: 0.08 secs
 
--> Parameter xsthdpdir set to xst


Total REAL time to Xst completion: 0.00 secs
Total CPU time to Xst completion: 0.08 secs
 
--> Reading design: Org_Lab1.prj

TABLE OF CONTENTS
  1) Synthesis Options Summary
  2) HDL Parsing
  3) HDL Elaboration
  4) HDL Synthesis
       4.1) HDL Synthesis Report
  5) Advanced HDL Synthesis
       5.1) Advanced HDL Synthesis Report
  6) Low Level Synthesis
  7) Partition Report
  8) Design Summary
       8.1) Primitive and Black Box Usage
       8.2) Device utilization summary
       8.3) Partition Resource Summary
       8.4) Timing Report
            8.4.1) Clock Information
            8.4.2) Asynchronous Control Signals Information
            8.4.3) Timing Summary
            8.4.4) Timing Details
            8.4.5) Cross Clock Domains Report


=========================================================================
*                      Synthesis Options Summary                        *
=========================================================================
---- Source Parameters
Input File Name                    : "Org_Lab1.prj"
Ignore Synthesis Constraint File   : NO

---- Target Parameters
Output File Name                   : "Org_Lab1"
Output Format                      : NGC
Target Device                      : xc7k160t-2L-ffg676

---- Source Options
Top Module Name                    : Org_Lab1
Automatic FSM Extraction           : YES
FSM Encoding Algorithm             : Auto
Safe Implementation                : No
FSM Style                          : LUT
RAM Extraction                     : Yes
RAM Style                          : Auto
ROM Extraction                     : Yes
Shift Register Extraction          : YES
ROM Style                          : Auto
Resource Sharing                   : YES
Asynchronous To Synchronous        : NO
Shift Register Minimum Size        : 2
Use DSP Block                      : Auto
Automatic Register Balancing       : No

---- Target Options
LUT Combining                      : Auto
Reduce Control Sets                : Auto
Add IO Buffers                     : YES
Global Maximum Fanout              : 100000
Add Generic Clock Buffer(BUFG)     : 32
Register Duplication               : YES
Optimize Instantiated Primitives   : NO
Use Clock Enable                   : Auto
Use Synchronous Set                : Auto
Use Synchronous Reset              : Auto
Pack IO Registers into IOBs        : Auto
Equivalent register Removal        : YES

---- General Options
Optimization Goal                  : Speed
Optimization Effort                : 1
Power Reduction                    : NO
Keep Hierarchy                     : No
Netlist Hierarchy                  : As_Optimized
RTL Output                         : Yes
Global Optimization                : AllClockNets
Read Cores                         : YES
Write Timing Constraints           : NO
Cross Clock Analysis               : NO
Hierarchy Separator                : /
Bus Delimiter                      : <>
Case Specifier                     : Maintain
Slice Utilization Ratio            : 100
BRAM Utilization Ratio             : 100
DSP48 Utilization Ratio            : 100
Auto BRAM Packing                  : NO
Slice Utilization Ratio Delta      : 5

---- Other Options
Cores Search Directories           : {"ipcore_dir"  }

=========================================================================


=========================================================================
*                          HDL Parsing                                  *
=========================================================================
Analyzing Verilog file "H:\organization\lab2\OExp02-7SEG\MyMC14495.vf" into library work
Parsing module <MyMC14495>.
Analyzing Verilog file "H:\organization\lab2\OExp02-7SEG\SSeg_map_io.v" into library work
Parsing module <SSeg_map>.
Analyzing Verilog file "H:\organization\lab2\OExp02-7SEG\Seg_map.v" into library work
Parsing module <Seg_map>.
Analyzing Verilog file "H:\organization\lab2\OExp02-7SEG\Scansync.v" into library work
Parsing module <ScanSync>.
Analyzing Verilog file "H:\organization\lab2\OExp02-7SEG\P2S_IO.v" into library work
Parsing module <P2S>.
Analyzing Verilog file "H:\organization\lab2\OExp02-7SEG\MUX2T1_8.v" into library work
Parsing module <MUX2T1_8>.
Analyzing Verilog file "H:\organization\lab2\OExp02-7SEG\MUX2T1_64.v" into library work
Parsing module <MUX2T1_64>.
Analyzing Verilog file "H:\organization\lab2\OExp02-7SEG\LED_P2S_IO.v" into library work
Parsing module <LED_P2S>.
Analyzing Verilog file "H:\organization\lab2\OExp02-7SEG\HexTo8SEG_io.v" into library work
Parsing module <HexTo8SEG>.
Parsing module <Hex2Seg>.
Analyzing Verilog file "H:\organization\lab2\OExp02-7SEG\SSeg7_Dev.vf" into library work
Parsing module <SSeg7_Dev>.
Analyzing Verilog file "H:\organization\lab2\OExp02-7SEG\SPIO_IO.v" into library work
Parsing module <SPIO>.
Analyzing Verilog file "H:\organization\lab2\OExp02-7SEG\SEnter_2_32_IO.v" into library work
Parsing module <SEnter_2_32>.
Analyzing Verilog file "H:\organization\lab2\OExp02-7SEG\Seg7_Dev.vf" into library work
Parsing module <Seg7_Dev>.
Analyzing Verilog file "H:\organization\lab2\OExp02-7SEG\SAnti_jitter_IO.v" into library work
Parsing module <SAnti_jitter>.
Analyzing Verilog file "H:\organization\lab2\OExp02-7SEG\PIO_IO.v" into library work
Parsing module <PIO>.
Analyzing Verilog file "H:\organization\lab2\OExp02-7SEG\Multi_8CH32_IO.v" into library work
Parsing module <Multi_8CH32>.
Analyzing Verilog file "H:\organization\lab2\OExp02-7SEG\ipcore_dir\ROM_D.v" into library work
Parsing module <ROM_D>.
Analyzing Verilog file "H:\organization\lab2\OExp02-7SEG\ipcore_dir\RAM_B.v" into library work
Parsing module <RAM_B>.
Analyzing Verilog file "H:\organization\lab2\OExp02-7SEG\clk_div.v" into library work
Parsing module <clk_div>.
Analyzing Verilog file "H:\organization\lab2\OExp02-7SEG\Org_Lab1.vf" into library work
Parsing module <Seg7_Dev_MUSER_Org_Lab1>.
Parsing module <SSeg7_Dev_MUSER_Org_Lab1>.
Parsing module <Org_Lab1>.

=========================================================================
*                            HDL Elaboration                            *
=========================================================================

Elaborating module <Org_Lab1>.

Elaborating module <SEnter_2_32>.
WARNING:HDLCompiler:1499 - "H:\organization\lab2\OExp02-7SEG\SEnter_2_32_IO.v" Line 21: Empty module <SEnter_2_32> remains a black box.

Elaborating module <ROM_D>.
WARNING:HDLCompiler:1499 - "H:\organization\lab2\OExp02-7SEG\ipcore_dir\ROM_D.v" Line 39: Empty module <ROM_D> remains a black box.
WARNING:HDLCompiler:189 - "H:\organization\lab2\OExp02-7SEG\Org_Lab1.vf" Line 217: Size mismatch in connection of port <a>. Formal port size is 5-bit while actual signal size is 10-bit.
WARNING:HDLCompiler:189 - "H:\organization\lab2\OExp02-7SEG\Org_Lab1.vf" Line 218: Size mismatch in connection of port <spo>. Formal port size is 1024-bit while actual signal size is 32-bit.

Elaborating module <RAM_B>.
WARNING:HDLCompiler:1499 - "H:\organization\lab2\OExp02-7SEG\ipcore_dir\RAM_B.v" Line 39: Empty module <RAM_B> remains a black box.

Elaborating module <Multi_8CH32>.

Elaborating module <SSeg7_Dev_MUSER_Org_Lab1>.

Elaborating module <MUX2T1_64>.

Elaborating module <P2S>.
WARNING:HDLCompiler:1499 - "H:\organization\lab2\OExp02-7SEG\P2S_IO.v" Line 21: Empty module <P2S> remains a black box.

Elaborating module <HexTo8SEG>.

Elaborating module <Hex2Seg>.

Elaborating module <MyMC14495>.

Elaborating module <AND4>.

Elaborating module <AND3>.

Elaborating module <AND2>.

Elaborating module <OR4>.

Elaborating module <OR3>.

Elaborating module <OR2>.

Elaborating module <INV>.

Elaborating module <SSeg_map>.

Elaborating module <SPIO>.

Elaborating module <LED_P2S(DATA_BITS=16,DATA_COUNT_BITS=4)>.
WARNING:HDLCompiler:1499 - "H:\organization\lab2\OExp02-7SEG\LED_P2S_IO.v" Line 21: Empty module <LED_P2S(DATA_BITS=16,DATA_COUNT_BITS=4)> remains a black box.

Elaborating module <clk_div>.
WARNING:HDLCompiler:1127 - "H:\organization\lab2\OExp02-7SEG\Org_Lab1.vf" Line 272: Assignment to Clk_CPU ignored, since the identifier is never used

Elaborating module <SAnti_jitter>.
WARNING:HDLCompiler:1499 - "H:\organization\lab2\OExp02-7SEG\SAnti_jitter_IO.v" Line 21: Empty module <SAnti_jitter> remains a black box.
WARNING:HDLCompiler:1127 - "H:\organization\lab2\OExp02-7SEG\Org_Lab1.vf" Line 283: Assignment to Pulse ignored, since the identifier is never used

Elaborating module <Seg7_Dev_MUSER_Org_Lab1>.

Elaborating module <MUX2T1_8>.

Elaborating module <ScanSync>.

Elaborating module <Seg_map>.

Elaborating module <PIO>.
WARNING:HDLCompiler:1499 - "H:\organization\lab2\OExp02-7SEG\PIO_IO.v" Line 21: Empty module <PIO> remains a black box.
WARNING:HDLCompiler:1127 - "H:\organization\lab2\OExp02-7SEG\Org_Lab1.vf" Line 298: Assignment to XLXN_127 ignored, since the identifier is never used
WARNING:HDLCompiler:1127 - "H:\organization\lab2\OExp02-7SEG\Org_Lab1.vf" Line 299: Assignment to XLXN_125 ignored, since the identifier is never used

Elaborating module <VCC>.

Elaborating module <GND>.

Elaborating module <BUF>.
WARNING:HDLCompiler:634 - "H:\organization\lab2\OExp02-7SEG\Org_Lab1.vf" Line 184: Net <LE_out[7]> does not have a driver.
WARNING:HDLCompiler:634 - "H:\organization\lab2\OExp02-7SEG\Org_Lab1.vf" Line 186: Net <point_out[7]> does not have a driver.
WARNING:HDLCompiler:634 - "H:\organization\lab2\OExp02-7SEG\Org_Lab1.vf" Line 188: Net <rst> does not have a driver.
WARNING:HDLCompiler:634 - "H:\organization\lab2\OExp02-7SEG\Org_Lab1.vf" Line 196: Net <XLXN_45[31]> does not have a driver.
WARNING:HDLCompiler:634 - "H:\organization\lab2\OExp02-7SEG\Org_Lab1.vf" Line 197: Net <XLXN_46[31]> does not have a driver.
WARNING:HDLCompiler:634 - "H:\organization\lab2\OExp02-7SEG\Org_Lab1.vf" Line 198: Net <XLXN_47[31]> does not have a driver.

=========================================================================
*                           HDL Synthesis                               *
=========================================================================

Synthesizing Unit <Org_Lab1>.
    Related source file is "H:\organization\lab2\OExp02-7SEG\Org_Lab1.vf".
INFO:Xst:3210 - "H:\organization\lab2\OExp02-7SEG\Org_Lab1.vf" line 256: Output port <counter_set> of the instance <U7> is unconnected or connected to loadless signal.
INFO:Xst:3210 - "H:\organization\lab2\OExp02-7SEG\Org_Lab1.vf" line 256: Output port <LED_out> of the instance <U7> is unconnected or connected to loadless signal.
INFO:Xst:3210 - "H:\organization\lab2\OExp02-7SEG\Org_Lab1.vf" line 256: Output port <GPIOf0> of the instance <U7> is unconnected or connected to loadless signal.
INFO:Xst:3210 - "H:\organization\lab2\OExp02-7SEG\Org_Lab1.vf" line 268: Output port <Clk_CPU> of the instance <U8> is unconnected or connected to loadless signal.
INFO:Xst:3210 - "H:\organization\lab2\OExp02-7SEG\Org_Lab1.vf" line 273: Output port <pulse_out> of the instance <U9> is unconnected or connected to loadless signal.
INFO:Xst:3210 - "H:\organization\lab2\OExp02-7SEG\Org_Lab1.vf" line 294: Output port <counter_set> of the instance <U71> is unconnected or connected to loadless signal.
INFO:Xst:3210 - "H:\organization\lab2\OExp02-7SEG\Org_Lab1.vf" line 294: Output port <GPIOf0> of the instance <U71> is unconnected or connected to loadless signal.
WARNING:Xst:653 - Signal <LE_out> is used but never assigned. This sourceless signal will be automatically connected to value GND.
WARNING:Xst:653 - Signal <point_out> is used but never assigned. This sourceless signal will be automatically connected to value GND.
WARNING:Xst:653 - Signal <XLXN_45> is used but never assigned. This sourceless signal will be automatically connected to value GND.
WARNING:Xst:653 - Signal <XLXN_46> is used but never assigned. This sourceless signal will be automatically connected to value GND.
WARNING:Xst:653 - Signal <XLXN_47> is used but never assigned. This sourceless signal will be automatically connected to value GND.
WARNING:Xst:653 - Signal <rst> is used but never assigned. This sourceless signal will be automatically connected to value GND.
    Summary:
	no macro.
Unit <Org_Lab1> synthesized.

Synthesizing Unit <Multi_8CH32>.
    Related source file is "H:\organization\lab2\OExp02-7SEG\Multi_8CH32_IO.v".
WARNING:Xst:647 - Input <clk> is never used. This port will be preserved and left unconnected if it belongs to a top-level block or it belongs to a sub-block and the hierarchy of this sub-block is preserved.
WARNING:Xst:647 - Input <rst> is never used. This port will be preserved and left unconnected if it belongs to a top-level block or it belongs to a sub-block and the hierarchy of this sub-block is preserved.
WARNING:Xst:647 - Input <EN> is never used. This port will be preserved and left unconnected if it belongs to a top-level block or it belongs to a sub-block and the hierarchy of this sub-block is preserved.
    Found 32-bit 7-to-1 multiplexer for signal <Disp_num> created at line 43.
    Found 8-bit 8-to-1 multiplexer for signal <point_out> created at line 53.
    Found 8-bit 8-to-1 multiplexer for signal <LE_out> created at line 63.
    Summary:
	inferred   3 Multiplexer(s).
Unit <Multi_8CH32> synthesized.

Synthesizing Unit <SSeg7_Dev_MUSER_Org_Lab1>.
    Related source file is "H:\organization\lab2\OExp02-7SEG\Org_Lab1.vf".
    Summary:
	no macro.
Unit <SSeg7_Dev_MUSER_Org_Lab1> synthesized.

Synthesizing Unit <MUX2T1_64>.
    Related source file is "H:\organization\lab2\OExp02-7SEG\MUX2T1_64.v".
    Summary:
	inferred   1 Multiplexer(s).
Unit <MUX2T1_64> synthesized.

Synthesizing Unit <HexTo8SEG>.
    Related source file is "H:\organization\lab2\OExp02-7SEG\HexTo8SEG_io.v".
    Summary:
	no macro.
Unit <HexTo8SEG> synthesized.

Synthesizing Unit <Hex2Seg>.
    Related source file is "H:\organization\lab2\OExp02-7SEG\HexTo8SEG_io.v".
    Summary:
	no macro.
Unit <Hex2Seg> synthesized.

Synthesizing Unit <MyMC14495>.
    Related source file is "H:\organization\lab2\OExp02-7SEG\MyMC14495.vf".
    Summary:
	no macro.
Unit <MyMC14495> synthesized.

Synthesizing Unit <SSeg_map>.
    Related source file is "H:\organization\lab2\OExp02-7SEG\SSeg_map_io.v".
WARNING:Xst:647 - Input <Disp_num<63:32>> is never used. This port will be preserved and left unconnected if it belongs to a top-level block or it belongs to a sub-block and the hierarchy of this sub-block is preserved.
    Summary:
	no macro.
Unit <SSeg_map> synthesized.

Synthesizing Unit <SPIO>.
    Related source file is "H:\organization\lab2\OExp02-7SEG\SPIO_IO.v".
    Found 2-bit register for signal <counter_set>.
    Found 14-bit register for signal <GPIOf0>.
    Found 16-bit register for signal <LED>.
    Summary:
	inferred  32 D-type flip-flop(s).
Unit <SPIO> synthesized.

Synthesizing Unit <clk_div>.
    Related source file is "H:\organization\lab2\OExp02-7SEG\clk_div.v".
    Found 32-bit register for signal <clkdiv>.
    Found 32-bit adder for signal <clkdiv[31]_GND_23_o_add_0_OUT> created at line 32.
    Summary:
	inferred   1 Adder/Subtractor(s).
	inferred  32 D-type flip-flop(s).
	inferred   1 Multiplexer(s).
Unit <clk_div> synthesized.

Synthesizing Unit <Seg7_Dev_MUSER_Org_Lab1>.
    Related source file is "H:\organization\lab2\OExp02-7SEG\Org_Lab1.vf".
    Summary:
	no macro.
Unit <Seg7_Dev_MUSER_Org_Lab1> synthesized.

Synthesizing Unit <MUX2T1_8>.
    Related source file is "H:\organization\lab2\OExp02-7SEG\MUX2T1_8.v".
    Summary:
	inferred   1 Multiplexer(s).
Unit <MUX2T1_8> synthesized.

Synthesizing Unit <ScanSync>.
    Related source file is "H:\organization\lab2\OExp02-7SEG\Scansync.v".
    Found 8x4-bit Read Only RAM for signal <AN>
    Found 4-bit 8-to-1 multiplexer for signal <Hexo> created at line 30.
    Summary:
	inferred   1 RAM(s).
	inferred   1 Multiplexer(s).
Unit <ScanSync> synthesized.

Synthesizing Unit <Seg_map>.
    Related source file is "H:\organization\lab2\OExp02-7SEG\Seg_map.v".
    Found 8-bit 8-to-1 multiplexer for signal <Seg_map> created at line 27.
    Summary:
	inferred   1 Multiplexer(s).
Unit <Seg_map> synthesized.

=========================================================================
HDL Synthesis Report

Macro Statistics
# RAMs                                                 : 1
 8x4-bit single-port Read Only RAM                     : 1
# Adders/Subtractors                                   : 1
 32-bit adder                                          : 1
# Registers                                            : 4
 14-bit register                                       : 1
 16-bit register                                       : 1
 2-bit register                                        : 1
 32-bit register                                       : 1
# Multiplexers                                         : 8
 1-bit 2-to-1 multiplexer                              : 1
 32-bit 7-to-1 multiplexer                             : 1
 4-bit 8-to-1 multiplexer                              : 1
 64-bit 2-to-1 multiplexer                             : 1
 8-bit 2-to-1 multiplexer                              : 1
 8-bit 8-to-1 multiplexer                              : 3

=========================================================================

=========================================================================
*                       Advanced HDL Synthesis                          *
=========================================================================

Reading core <SAnti_jitter.ngc>.
Reading core <SEnter_2_32.ngc>.
Reading core <PIO.ngc>.
Reading core <ipcore_dir/RAM_B.ngc>.
Reading core <ipcore_dir/ROM_D.ngc>.
Reading core <P2S.ngc>.
Reading core <LED_P2S.ngc>.
Loading core <SAnti_jitter> for timing and area information for instance <U9>.
Loading core <SEnter_2_32> for timing and area information for instance <M4>.
Loading core <PIO> for timing and area information for instance <U71>.
Loading core <RAM_B> for timing and area information for instance <U3>.
Loading core <ROM_D> for timing and area information for instance <U2>.
Loading core <P2S> for timing and area information for instance <M2>.
Loading core <LED_P2S> for timing and area information for instance <LED_P2s>.

Synthesizing (advanced) Unit <ScanSync>.
INFO:Xst:3218 - HDL ADVISOR - The RAM <Mram_AN> will be implemented on LUTs either because you have described an asynchronous read or because of currently unsupported block RAM features. If you have described an asynchronous read, making it synchronous would allow you to take advantage of available block RAM resources, for optimized device usage and improved timings. Please refer to your documentation for coding guidelines.
    -----------------------------------------------------------------------
    | ram_type           | Distributed                         |          |
    -----------------------------------------------------------------------
    | Port A                                                              |
    |     aspect ratio   | 8-word x 4-bit                      |          |
    |     weA            | connected to signal <GND>           | high     |
    |     addrA          | connected to signal <Scan>          |          |
    |     diA            | connected to signal <GND>           |          |
    |     doA            | connected to signal <AN>            |          |
    -----------------------------------------------------------------------
Unit <ScanSync> synthesized (advanced).

Synthesizing (advanced) Unit <clk_div>.
The following registers are absorbed into counter <clkdiv>: 1 register on signal <clkdiv>.
Unit <clk_div> synthesized (advanced).

=========================================================================
Advanced HDL Synthesis Report

Macro Statistics
# RAMs                                                 : 1
 8x4-bit single-port distributed Read Only RAM         : 1
# Counters                                             : 1
 32-bit up counter                                     : 1
# Registers                                            : 32
 Flip-Flops                                            : 32
# Multiplexers                                         : 7
 32-bit 7-to-1 multiplexer                             : 1
 4-bit 8-to-1 multiplexer                              : 1
 64-bit 2-to-1 multiplexer                             : 1
 8-bit 2-to-1 multiplexer                              : 1
 8-bit 8-to-1 multiplexer                              : 3

=========================================================================

=========================================================================
*                         Low Level Synthesis                           *
=========================================================================
INFO:Xst:2261 - The FF/Latch <counter_set_0> in Unit <SPIO> is equivalent to the following FF/Latch, which will be removed : <counter_set_1> 

Optimizing unit <MyMC14495> ...

Optimizing unit <Org_Lab1> ...

Optimizing unit <HexTo8SEG> ...

Optimizing unit <SPIO> ...
WARNING:Xst:2677 - Node <U7/GPIOf0_13> of sequential type is unconnected in block <Org_Lab1>.
WARNING:Xst:2677 - Node <U7/GPIOf0_12> of sequential type is unconnected in block <Org_Lab1>.
WARNING:Xst:2677 - Node <U7/GPIOf0_11> of sequential type is unconnected in block <Org_Lab1>.
WARNING:Xst:2677 - Node <U7/GPIOf0_10> of sequential type is unconnected in block <Org_Lab1>.
WARNING:Xst:2677 - Node <U7/GPIOf0_9> of sequential type is unconnected in block <Org_Lab1>.
WARNING:Xst:2677 - Node <U7/GPIOf0_8> of sequential type is unconnected in block <Org_Lab1>.
WARNING:Xst:2677 - Node <U7/GPIOf0_7> of sequential type is unconnected in block <Org_Lab1>.
WARNING:Xst:2677 - Node <U7/GPIOf0_6> of sequential type is unconnected in block <Org_Lab1>.
WARNING:Xst:2677 - Node <U7/GPIOf0_5> of sequential type is unconnected in block <Org_Lab1>.
WARNING:Xst:2677 - Node <U7/GPIOf0_4> of sequential type is unconnected in block <Org_Lab1>.
WARNING:Xst:2677 - Node <U7/GPIOf0_3> of sequential type is unconnected in block <Org_Lab1>.
WARNING:Xst:2677 - Node <U7/GPIOf0_2> of sequential type is unconnected in block <Org_Lab1>.
WARNING:Xst:2677 - Node <U7/GPIOf0_1> of sequential type is unconnected in block <Org_Lab1>.
WARNING:Xst:2677 - Node <U7/GPIOf0_0> of sequential type is unconnected in block <Org_Lab1>.
WARNING:Xst:2677 - Node <U7/counter_set_0> of sequential type is unconnected in block <Org_Lab1>.

Mapping all equations...
Building and optimizing final netlist ...
Found area constraint ratio of 100 (+ 5) on block Org_Lab1, actual ratio is 0.
FlipFlop U8/clkdiv_18 has been replicated 1 time(s)
FlipFlop U8/clkdiv_19 has been replicated 1 time(s)

Final Macro Processing ...

=========================================================================
Final Register Report

Macro Statistics
# Registers                                            : 50
 Flip-Flops                                            : 50

=========================================================================

=========================================================================
*                           Partition Report                            *
=========================================================================

Partition Implementation Status
-------------------------------

  No Partitions were found in this design.

-------------------------------

=========================================================================
*                            Design Summary                             *
=========================================================================

Top Level Output File Name         : Org_Lab1.ngc

Primitive and Black Box Usage:
------------------------------
# BELS                             : 1396
#      AND2                        : 10
#      AND3                        : 99
#      AND4                        : 81
#      BUF                         : 1
#      GND                         : 4
#      INV                         : 76
#      LUT1                        : 97
#      LUT2                        : 30
#      LUT3                        : 184
#      LUT4                        : 72
#      LUT5                        : 142
#      LUT6                        : 237
#      MUXCY                       : 121
#      MUXF7                       : 10
#      OR2                         : 63
#      OR3                         : 27
#      OR4                         : 36
#      VCC                         : 5
#      XORCY                       : 101
# FlipFlops/Latches                : 381
#      FD                          : 205
#      FDC                         : 48
#      FDCE                        : 4
#      FDCE_1                      : 7
#      FDE                         : 63
#      FDE_1                       : 22
#      FDPE_1                      : 3
#      FDRE                        : 29
# RAMS                             : 1
#      RAMB36E1                    : 1
# Clock Buffers                    : 2
#      BUFG                        : 1
#      BUFGP                       : 1
# IO Buffers                       : 58
#      IBUF                        : 21
#      OBUF                        : 37

Device utilization summary:
---------------------------

Selected Device : 7k160tffg676-2l 


Slice Logic Utilization: 
 Number of Slice Registers:             381  out of  202800     0%  
 Number of Slice LUTs:                  838  out of  101400     0%  
    Number used as Logic:               838  out of  101400     0%  

Slice Logic Distribution: 
 Number of LUT Flip Flop pairs used:    903
   Number with an unused Flip Flop:     522  out of    903    57%  
   Number with an unused LUT:            65  out of    903     7%  
   Number of fully used LUT-FF pairs:   316  out of    903    34%  
   Number of unique control sets:        20

IO Utilization: 
 Number of IOs:                          59
 Number of bonded IOBs:                  59  out of    400    14%  

Specific Feature Utilization:
 Number of Block RAM/FIFO:                1  out of    325     0%  
    Number using Block RAM only:          1
 Number of BUFG/BUFGCTRLs:                2  out of     32     6%  

---------------------------
Partition Resource Summary:
---------------------------

  No Partitions were found in this design.

---------------------------


=========================================================================
Timing Report

NOTE: THESE TIMING NUMBERS ARE ONLY A SYNTHESIS ESTIMATE.
      FOR ACCURATE TIMING INFORMATION PLEASE REFER TO THE TRACE REPORT
      GENERATED AFTER PLACE-and-ROUTE.

Clock Information:
------------------
-----------------------------------+------------------------+-------+
Clock Signal                       | Clock buffer(FF name)  | Load  |
-----------------------------------+------------------------+-------+
clk_100mhz                         | BUFGP                  | 338   |
U9/clk1                            | BUFG                   | 41    |
M4/push(M4/push1:O)                | NONE(*)(M4/state_0)    | 3     |
-----------------------------------+------------------------+-------+
(*) This 1 clock signal(s) are generated by combinatorial logic,
and XST is not able to identify which are the primary clock signals.
Please use the CLOCK_SIGNAL constraint to specify the clock signal(s) generated by combinatorial logic.
INFO:Xst:2169 - HDL ADVISOR - Some clock signals were not automatically buffered by XST with BUFG/BUFR resources. Please use the buffer_type constraint in order to insert these buffers to the clock signals to help prevent skew problems.

Asynchronous Control Signals Information:
----------------------------------------
-----------------------------------+-----------------------------------------------------------------------------------------------------------------------------------------+-------+
Control Signal                     | Buffer(FF name)                                                                                                                         | Load  |
-----------------------------------+-----------------------------------------------------------------------------------------------------------------------------------------+-------+
U3/N1(U3/XST_GND:G)                | NONE(U3/U0/xst_blk_mem_generator/gnativebmg.native_blk_mem_gen/valid.cstr/ramloop[0].ram.r/v6_init.ram/NO_BMM_INFO.SP.SIMPLE_PRIM36.ram)| 2     |
-----------------------------------+-----------------------------------------------------------------------------------------------------------------------------------------+-------+

Timing Summary:
---------------
Speed Grade: -2

   Minimum period: 5.218ns (Maximum Frequency: 191.656MHz)
   Minimum input arrival time before clock: 5.037ns
   Maximum output required time after clock: 5.700ns
   Maximum combinational path delay: 5.517ns

Timing Details:
---------------
All values displayed in nanoseconds (ns)

=========================================================================
Timing constraint: Default period analysis for Clock 'clk_100mhz'
  Clock period: 5.218ns (frequency: 191.656MHz)
  Total number of paths / destination ports: 18159 / 437
-------------------------------------------------------------------------
Delay:               5.218ns (Levels of Logic = 10)
  Source:            U8/clkdiv_26 (FF)
  Destination:       U6/M2/buffer_4 (FF)
  Source Clock:      clk_100mhz rising
  Destination Clock: clk_100mhz rising

  Data Path: U8/clkdiv_26 to U6/M2/buffer_4
                                Gate     Net
    Cell:in->out      fanout   Delay   Delay  Logical Name (Net Name)
    ----------------------------------------  ------------
     FDC:C->Q             29   0.236   0.732  U8/clkdiv_26 (U8/clkdiv_26)
     begin scope: 'U2:a<2>'
     LUT5:I0->O            4   0.043   0.367  spo<30>1 (spo<26>)
     end scope: 'U2:spo<30>'
     LUT5:I4->O           15   0.043   0.417  U5/Mmux_Disp_num242 (Disp_num<30>)
     INV:I->O              8   0.317   0.642  U6/SM1/H0/MSEG/XLXI_37 (U6/SM1/H0/MSEG/XLXN_34)
     AND4:I1->O            2   0.053   0.500  U6/SM1/H0/MSEG/AD20 (U6/SM1/H0/MSEG/XLXN_25)
     OR4:I3->O             1   0.161   0.603  U6/SM1/H0/MSEG/Dor (U6/SM1/H0/MSEG/XLXN_29)
     OR2:I1->O             1   0.053   0.350  U6/SM1/H0/MSEG/XLXI_32 (U6/XLXN_1<4>)
     LUT3:I2->O            1   0.043   0.613  U6/MUXSH2M/Mmux_temp451 (U6/SEGMENT<4>)
     begin scope: 'U6/M2:P_Data<4>'
     LUT6:I0->O            1   0.043   0.000  buffer_4_rstpot (buffer_4_rstpot)
     FD:D                     -0.000          buffer_4
    ----------------------------------------
    Total                      5.218ns (0.992ns logic, 4.226ns route)
                                       (19.0% logic, 81.0% route)

=========================================================================
Timing constraint: Default period analysis for Clock 'U9/clk1'
  Clock period: 2.152ns (frequency: 464.587MHz)
  Total number of paths / destination ports: 1454 / 90
-------------------------------------------------------------------------
Delay:               2.152ns (Levels of Logic = 7)
  Source:            U9/counter_8 (FF)
  Destination:       U9/Key_x_0 (FF)
  Source Clock:      U9/clk1 rising
  Destination Clock: U9/clk1 rising

  Data Path: U9/counter_8 to U9/Key_x_0
                                Gate     Net
    Cell:in->out      fanout   Delay   Delay  Logical Name (Net Name)
    ----------------------------------------  ------------
     FDRE:C->Q             3   0.236   0.615  counter_8 (counter<8>)
     LUT5:I0->O            1   0.043   0.000  Mcompar_counter[31]_GND_1_o_LessThan_5_o_lut<0> (Mcompar_counter[31]_GND_1_o_LessThan_5_o_lut<0>)
     MUXCY:S->O            1   0.238   0.000  Mcompar_counter[31]_GND_1_o_LessThan_5_o_cy<0> (Mcompar_counter[31]_GND_1_o_LessThan_5_o_cy<0>)
     MUXCY:CI->O           1   0.013   0.000  Mcompar_counter[31]_GND_1_o_LessThan_5_o_cy<1> (Mcompar_counter[31]_GND_1_o_LessThan_5_o_cy<1>)
     MUXCY:CI->O           1   0.013   0.000  Mcompar_counter[31]_GND_1_o_LessThan_5_o_cy<2> (Mcompar_counter[31]_GND_1_o_LessThan_5_o_cy<2>)
     MUXCY:CI->O           1   0.013   0.000  Mcompar_counter[31]_GND_1_o_LessThan_5_o_cy<3> (Mcompar_counter[31]_GND_1_o_LessThan_5_o_cy<3>)
     MUXCY:CI->O           8   0.013   0.378  Mcompar_counter[31]_GND_1_o_LessThan_5_o_cy<4> (Mcompar_counter[31]_GND_1_o_LessThan_5_o_cy<4>)
     INV:I->O              7   0.054   0.373  _n0225_inv1_cepot_INV_0 (_n0225_inv1_cepot)
     FDE:CE                    0.161          Key_x_0
    ----------------------------------------
    Total                      2.152ns (0.786ns logic, 1.366ns route)
                                       (36.5% logic, 63.5% route)

=========================================================================
Timing constraint: Default period analysis for Clock 'M4/push'
  Clock period: 1.069ns (frequency: 935.060MHz)
  Total number of paths / destination ports: 6 / 3
-------------------------------------------------------------------------
Delay:               1.069ns (Levels of Logic = 1)
  Source:            M4/state_0 (FF)
  Destination:       M4/state_0 (FF)
  Source Clock:      M4/push rising
  Destination Clock: M4/push rising

  Data Path: M4/state_0 to M4/state_0
                                Gate     Net
    Cell:in->out      fanout   Delay   Delay  Logical Name (Net Name)
    ----------------------------------------  ------------
     FDE:C->Q             19   0.236   0.440  state_0 (state<0>)
     INV:I->O              1   0.054   0.339  Result<0>1_INV_0 (Result<0>)
     FDE:D                    -0.000          state_0
    ----------------------------------------
    Total                      1.069ns (0.290ns logic, 0.779ns route)
                                       (27.1% logic, 72.9% route)

=========================================================================
Timing constraint: Default OFFSET IN BEFORE for Clock 'clk_100mhz'
  Total number of paths / destination ports: 1979 / 196
-------------------------------------------------------------------------
Offset:              5.037ns (Levels of Logic = 11)
  Source:            SW<3> (PAD)
  Destination:       U6/M2/buffer_4 (FF)
  Destination Clock: clk_100mhz rising

  Data Path: SW<3> to U6/M2/buffer_4
                                Gate     Net
    Cell:in->out      fanout   Delay   Delay  Logical Name (Net Name)
    ----------------------------------------  ------------
     IBUF:I->O            29   0.000   0.732  SW_3_IBUF (SW_3_IBUF)
     begin scope: 'U2:a<4>'
     LUT5:I0->O            4   0.043   0.422  spo<5>1 (spo<5>)
     end scope: 'U2:spo<5>'
     LUT5:I3->O           15   0.043   0.417  U5/Mmux_Disp_num282 (Disp_num<5>)
     INV:I->O              8   0.317   0.642  U6/SM1/H6/MSEG/XLXI_38 (U6/SM1/H6/MSEG/XLXN_36)
     AND4:I1->O            2   0.053   0.500  U6/SM1/H6/MSEG/AD18 (U6/SM1/H6/MSEG/XLXN_23)
     OR4:I3->O             1   0.161   0.603  U6/SM1/H6/MSEG/Fo (U6/SM1/H6/MSEG/XLXN_27)
     OR2:I1->O             1   0.053   0.350  U6/SM1/H6/MSEG/XLXI_30 (U6/XLXN_1<50>)
     LUT3:I2->O            1   0.043   0.613  U6/MUXSH2M/Mmux_temp461 (U6/SEGMENT<50>)
     begin scope: 'U6/M2:P_Data<50>'
     LUT6:I0->O            1   0.043   0.000  buffer_50_rstpot (buffer_50_rstpot)
     FD:D                     -0.000          buffer_50
    ----------------------------------------
    Total                      5.037ns (0.756ns logic, 4.281ns route)
                                       (15.0% logic, 85.0% route)

=========================================================================
Timing constraint: Default OFFSET IN BEFORE for Clock 'U9/clk1'
  Total number of paths / destination ports: 176 / 41
-------------------------------------------------------------------------
Offset:              2.109ns (Levels of Logic = 6)
  Source:            BTN_y<3> (PAD)
  Destination:       U9/Key_x_1 (FF)
  Destination Clock: U9/clk1 rising

  Data Path: BTN_y<3> to U9/Key_x_1
                                Gate     Net
    Cell:in->out      fanout   Delay   Delay  Logical Name (Net Name)
    ----------------------------------------  ------------
     IBUF:I->O             6   0.000   0.550  BTN_y_3_IBUF (BTN_y_3_IBUF)
     begin scope: 'U9:Key_y<3>'
     LUT4:I0->O           12   0.043   0.674  out1 (n0016)
     LUT6:I0->O            3   0.043   0.362  _n0295<0>1 (_n0295<0>)
     LUT6:I5->O            1   0.043   0.350  Key_x[4]_PWR_1_o_select_74_OUT<1>1 (Key_x[4]_PWR_1_o_select_74_OUT<4>)
     LUT3:I2->O            1   0.043   0.000  Key_x_4_dpot (Key_x_4_dpot)
     FDE:D                    -0.000          Key_x_4
    ----------------------------------------
    Total                      2.109ns (0.172ns logic, 1.937ns route)
                                       (8.2% logic, 91.8% route)

=========================================================================
Timing constraint: Default OFFSET OUT AFTER for Clock 'clk_100mhz'
  Total number of paths / destination ports: 9929 / 28
-------------------------------------------------------------------------
Offset:              5.700ns (Levels of Logic = 11)
  Source:            U8/clkdiv_26 (FF)
  Destination:       SEGMENT<3> (PAD)
  Source Clock:      clk_100mhz rising

  Data Path: U8/clkdiv_26 to SEGMENT<3>
                                Gate     Net
    Cell:in->out      fanout   Delay   Delay  Logical Name (Net Name)
    ----------------------------------------  ------------
     FDC:C->Q             29   0.236   0.732  U8/clkdiv_26 (U8/clkdiv_26)
     begin scope: 'U2:a<2>'
     LUT5:I0->O            4   0.043   0.367  spo<30>1 (spo<26>)
     end scope: 'U2:spo<26>'
     LUT5:I4->O           15   0.043   0.600  U5/Mmux_Disp_num192 (Disp_num<26>)
     LUT6:I2->O            1   0.043   0.000  U61/M2/Mmux_Hexo_32 (U61/M2/Mmux_Hexo_32)
     MUXF7:I1->O          11   0.178   0.395  U61/M2/Mmux_Hexo_2_f7_1 (U61/Hex<2>)
     INV:I->O              8   0.317   0.642  U61/M1/XLXI_37 (U61/M1/XLXN_34)
     AND4:I1->O            2   0.053   0.500  U61/M1/AD20 (U61/M1/XLXN_25)
     OR4:I3->O             1   0.161   0.603  U61/M1/Dor (U61/M1/XLXN_29)
     OR2:I1->O             1   0.053   0.350  U61/M1/XLXI_32 (U61/SEG_TXT<3>)
     LUT3:I2->O            1   0.043   0.339  U61/MUXHM/Mmux_o4 (SEGMENT_3_OBUF)
     OBUF:I->O                 0.000          SEGMENT_3_OBUF (SEGMENT<3>)
    ----------------------------------------
    Total                      5.700ns (1.170ns logic, 4.530ns route)
                                       (20.5% logic, 79.5% route)

=========================================================================
Timing constraint: Default OFFSET OUT AFTER for Clock 'U9/clk1'
  Total number of paths / destination ports: 6 / 6
-------------------------------------------------------------------------
Offset:              0.658ns (Levels of Logic = 2)
  Source:            U9/Key_x_4 (FF)
  Destination:       BTN_x<4> (PAD)
  Source Clock:      U9/clk1 rising

  Data Path: U9/Key_x_4 to BTN_x<4>
                                Gate     Net
    Cell:in->out      fanout   Delay   Delay  Logical Name (Net Name)
    ----------------------------------------  ------------
     FDE:C->Q             16   0.236   0.422  Key_x_4 (Key_x<4>)
     end scope: 'U9:Key_x<4>'
     OBUF:I->O                 0.000          BTN_x_4_OBUF (BTN_x<4>)
    ----------------------------------------
    Total                      0.658ns (0.236ns logic, 0.422ns route)
                                       (35.8% logic, 64.2% route)

=========================================================================
Timing constraint: Default path analysis
  Total number of paths / destination ports: 721 / 8
-------------------------------------------------------------------------
Delay:               5.517ns (Levels of Logic = 12)
  Source:            SW<3> (PAD)
  Destination:       SEGMENT<3> (PAD)

  Data Path: SW<3> to SEGMENT<3>
                                Gate     Net
    Cell:in->out      fanout   Delay   Delay  Logical Name (Net Name)
    ----------------------------------------  ------------
     IBUF:I->O            29   0.000   0.732  SW_3_IBUF (SW_3_IBUF)
     begin scope: 'U2:a<4>'
     LUT5:I0->O            4   0.043   0.422  spo<22>1 (spo<10>)
     end scope: 'U2:spo<10>'
     LUT5:I3->O           15   0.043   0.600  U5/Mmux_Disp_num211 (Disp_num<10>)
     LUT6:I2->O            1   0.043   0.000  U61/M2/Mmux_Hexo_42 (U61/M2/Mmux_Hexo_42)
     MUXF7:I0->O          11   0.176   0.395  U61/M2/Mmux_Hexo_2_f7_1 (U61/Hex<2>)
     INV:I->O              8   0.317   0.642  U61/M1/XLXI_37 (U61/M1/XLXN_34)
     AND4:I1->O            2   0.053   0.500  U61/M1/AD20 (U61/M1/XLXN_25)
     OR4:I3->O             1   0.161   0.603  U61/M1/Dor (U61/M1/XLXN_29)
     OR2:I1->O             1   0.053   0.350  U61/M1/XLXI_32 (U61/SEG_TXT<3>)
     LUT3:I2->O            1   0.043   0.339  U61/MUXHM/Mmux_o4 (SEGMENT_3_OBUF)
     OBUF:I->O                 0.000          SEGMENT_3_OBUF (SEGMENT<3>)
    ----------------------------------------
    Total                      5.517ns (0.932ns logic, 4.585ns route)
                                       (16.9% logic, 83.1% route)

=========================================================================

Cross Clock Domains Report:
--------------------------

Clock to Setup on destination clock M4/push
---------------+---------+---------+---------+---------+
               | Src:Rise| Src:Fall| Src:Rise| Src:Fall|
Source Clock   |Dest:Rise|Dest:Rise|Dest:Fall|Dest:Fall|
---------------+---------+---------+---------+---------+
M4/push        |    1.069|         |         |         |
U9/clk1        |    0.818|         |         |         |
clk_100mhz     |    1.341|         |         |         |
---------------+---------+---------+---------+---------+

Clock to Setup on destination clock U9/clk1
---------------+---------+---------+---------+---------+
               | Src:Rise| Src:Fall| Src:Rise| Src:Fall|
Source Clock   |Dest:Rise|Dest:Rise|Dest:Fall|Dest:Fall|
---------------+---------+---------+---------+---------+
U9/clk1        |    2.152|         |         |         |
clk_100mhz     |    1.292|         |         |         |
---------------+---------+---------+---------+---------+

Clock to Setup on destination clock clk_100mhz
---------------+---------+---------+---------+---------+
               | Src:Rise| Src:Fall| Src:Rise| Src:Fall|
Source Clock   |Dest:Rise|Dest:Rise|Dest:Fall|Dest:Fall|
---------------+---------+---------+---------+---------+
M4/push        |    3.288|         |         |         |
U9/clk1        |    1.100|         |         |         |
clk_100mhz     |    5.218|         |    1.910|         |
---------------+---------+---------+---------+---------+

=========================================================================


Total REAL time to Xst completion: 10.00 secs
Total CPU time to Xst completion: 10.46 secs
 
--> 

Total memory usage is 408024 kilobytes

Number of errors   :    0 (   0 filtered)
Number of warnings :   44 (   0 filtered)
Number of infos    :   10 (   0 filtered)

